-------------------------------------------------------------------------------
Test set: TestSuite
-------------------------------------------------------------------------------
Tests run: 6, Failures: 1, Errors: 0, Skipped: 0, Time elapsed: 29.622 s <<< FAILURE! - in TestSuite
verifyHomePageHeaderTest(com.qa.hubspot.tests.HomePageTest)  Time elapsed: 0.236 s  <<< FAILURE!
java.lang.AssertionError: expected [Marketing Dashboard] but found [Sales Dashboard]
	at com.qa.hubspot.tests.HomePageTest.verifyHomePageHeaderTest(HomePageTest.java:45)

