<?xml version="1.0" encoding="UTF-8"?>
<testsuite xmlns:xsi="http://www.w3.org/2001/XMLSchema-instance" xsi:noNamespaceSchemaLocation="https://maven.apache.org/surefire/maven-surefire-plugin/xsd/surefire-test-report-3.0.xsd" version="3.0" name="TestSuite" time="29.622" tests="6" errors="0" skipped="0" failures="1">
  <properties>
[...]
</properties>
  <testcase name="verifyLoginPageTitleTest" classname="com.qa.hubspot.tests.LoginPageTest" time="5.545"/>
  <testcase name="verifyHomePageHeaderTest" classname="com.qa.hubspot.tests.HomePageTest" time="0.236">
    <failure message="expected [Marketing Dashboard] but found [Sales Dashboard]" type="java.lang.AssertionError">java.lang.AssertionError: expected [Marketing Dashboard] but found [Sales Dashboard]
	at com.qa.hubspot.tests.HomePageTest.verifyHomePageHeaderTest(HomePageTest.java:45)
</failure>
    <system-out><![CDATA[Home page header Sales Dashboard
]]></system-out>
  </testcase>
  <testcase name="verifySignUpLinkTest" classname="com.qa.hubspot.tests.LoginPageTest" time="0.095"/>
  <testcase name="verifyHomePageTitleTest" classname="com.qa.hubspot.tests.HomePageTest" time="0.024"/>
  <testcase name="loginTest" classname="com.qa.hubspot.tests.LoginPageTest" time="4.28"/>
  <testcase name="verifyLoggedInUserTest" classname="com.qa.hubspot.tests.HomePageTest" time="0.07"/>
</testsuite>